This file contains any messages produced by compilers while
running configure, to aid debugging if configure makes a mistake.

It was created by configure, which was
generated by GNU Autoconf 2.65.  Invocation command line was

  $ ./configure --enable-vortex-doc

## --------- ##
## Platform. ##
## --------- ##

hostname = ubuntu
uname -m = i686
uname -r = 2.6.32-25-generic-pae
uname -s = Linux
uname -v = #44-Ubuntu SMP Fri Sep 17 21:57:48 UTC 2010

/usr/bin/uname -p = unknown
/bin/uname -X     = unknown

/bin/arch              = unknown
/usr/bin/arch -k       = unknown
/usr/convex/getsysinfo = unknown
/usr/bin/hostinfo      = unknown
/bin/machine           = unknown
/usr/bin/oslevel       = unknown
/bin/universe          = unknown

PATH: /usr/local/sbin
PATH: /usr/local/bin
PATH: /usr/sbin
PATH: /usr/bin
PATH: /sbin
PATH: /bin
PATH: /usr/games


## ----------- ##
## Core tests. ##
## ----------- ##

configure:2431: checking for a BSD-compatible install
configure:2499: result: /usr/bin/install -c
configure:2510: checking whether build environment is sane
configure:2560: result: yes
configure:2701: checking for a thread-safe mkdir -p
configure:2740: result: /bin/mkdir -p
configure:2753: checking for gawk
configure:2769: found /usr/bin/gawk
configure:2780: result: gawk
configure:2791: checking whether make sets $(MAKE)
configure:2813: result: yes
configure:2896: checking whether to enable maintainer-specific portions of Makefiles
configure:2905: result: no
configure:2967: checking for gcc
configure:2983: found /usr/bin/gcc
configure:2994: result: gcc
configure:3223: checking for C compiler version
configure:3232: gcc --version >&5
gcc (Ubuntu 4.4.3-4ubuntu5) 4.4.3
Copyright (C) 2009 Free Software Foundation, Inc.
This is free software; see the source for copying conditions.  There is NO
warranty; not even for MERCHANTABILITY or FITNESS FOR A PARTICULAR PURPOSE.

configure:3243: $? = 0
configure:3232: gcc -v >&5
Using built-in specs.
Target: i486-linux-gnu
Configured with: ../src/configure -v --with-pkgversion='Ubuntu 4.4.3-4ubuntu5' --with-bugurl=file:///usr/share/doc/gcc-4.4/README.Bugs --enable-languages=c,c++,fortran,objc,obj-c++ --prefix=/usr --enable-shared --enable-multiarch --enable-linker-build-id --with-system-zlib --libexecdir=/usr/lib --without-included-gettext --enable-threads=posix --with-gxx-include-dir=/usr/include/c++/4.4 --program-suffix=-4.4 --enable-nls --enable-clocale=gnu --enable-libstdcxx-debug --enable-plugin --enable-objc-gc --enable-targets=all --disable-werror --with-arch-32=i486 --with-tune=generic --enable-checking=release --build=i486-linux-gnu --host=i486-linux-gnu --target=i486-linux-gnu
Thread model: posix
gcc version 4.4.3 (Ubuntu 4.4.3-4ubuntu5) 
configure:3243: $? = 0
configure:3232: gcc -V >&5
gcc: '-V' option must have argument
configure:3243: $? = 1
configure:3232: gcc -qversion >&5
gcc: unrecognized option '-qversion'
gcc: no input files
configure:3243: $? = 1
configure:3263: checking whether the C compiler works
configure:3285: gcc    conftest.c  >&5
configure:3289: $? = 0
configure:3338: result: yes
configure:3341: checking for C compiler default output file name
configure:3343: result: a.out
configure:3349: checking for suffix of executables
configure:3356: gcc -o conftest    conftest.c  >&5
configure:3360: $? = 0
configure:3382: result: 
configure:3404: checking whether we are cross compiling
configure:3412: gcc -o conftest    conftest.c  >&5
configure:3416: $? = 0
configure:3423: ./conftest
configure:3427: $? = 0
configure:3442: result: no
configure:3447: checking for suffix of object files
configure:3469: gcc -c   conftest.c >&5
configure:3473: $? = 0
configure:3494: result: o
configure:3498: checking whether we are using the GNU C compiler
configure:3517: gcc -c   conftest.c >&5
configure:3517: $? = 0
configure:3526: result: yes
configure:3535: checking whether gcc accepts -g
configure:3555: gcc -c -g  conftest.c >&5
configure:3555: $? = 0
configure:3596: result: yes
configure:3613: checking for gcc option to accept ISO C89
configure:3677: gcc  -c -g -O2  conftest.c >&5
configure:3677: $? = 0
configure:3690: result: none needed
configure:3721: checking for style of include used by make
configure:3749: result: GNU
configure:3774: checking dependency style of gcc
configure:3884: result: gcc3
configure:3900: checking for library containing strerror
configure:3931: gcc -o conftest -g -O2   conftest.c  >&5
configure:3931: $? = 0
configure:3948: result: none required
configure:3961: checking how to run the C preprocessor
configure:3992: gcc -E  conftest.c
configure:3992: $? = 0
configure:4006: gcc -E  conftest.c
conftest.c:11:28: error: ac_nonexistent.h: No such file or directory
configure:4006: $? = 1
configure: failed program was:
| /* confdefs.h */
| #define PACKAGE_NAME ""
| #define PACKAGE_TARNAME ""
| #define PACKAGE_VERSION ""
| #define PACKAGE_STRING ""
| #define PACKAGE_BUGREPORT ""
| #define PACKAGE_URL ""
| #define PACKAGE "vortex"
| #define VERSION "1.1.5.b4474.g4476"
| /* end confdefs.h.  */
| #include <ac_nonexistent.h>
configure:4031: result: gcc -E
configure:4051: gcc -E  conftest.c
configure:4051: $? = 0
configure:4065: gcc -E  conftest.c
conftest.c:11:28: error: ac_nonexistent.h: No such file or directory
configure:4065: $? = 1
configure: failed program was:
| /* confdefs.h */
| #define PACKAGE_NAME ""
| #define PACKAGE_TARNAME ""
| #define PACKAGE_VERSION ""
| #define PACKAGE_STRING ""
| #define PACKAGE_BUGREPORT ""
| #define PACKAGE_URL ""
| #define PACKAGE "vortex"
| #define VERSION "1.1.5.b4474.g4476"
| /* end confdefs.h.  */
| #include <ac_nonexistent.h>
configure:4094: checking for grep that handles long lines and -e
configure:4152: result: /bin/grep
configure:4157: checking for egrep
configure:4219: result: /bin/grep -E
configure:4224: checking for ANSI C header files
configure:4244: gcc -c -g -O2  conftest.c >&5
configure:4244: $? = 0
configure:4317: gcc -o conftest -g -O2   conftest.c  >&5
configure:4317: $? = 0
configure:4317: ./conftest
configure:4317: $? = 0
configure:4328: result: yes
configure:4365: checking build system type
configure:4379: result: i686-pc-linux-gnu
configure:4399: checking host system type
configure:4412: result: i686-pc-linux-gnu
configure:4432: checking for a sed that does not truncate output
configure:4496: result: /bin/sed
configure:4514: checking for fgrep
configure:4576: result: /bin/grep -F
configure:4611: checking for ld used by gcc
configure:4678: result: /usr/bin/ld
configure:4685: checking if the linker (/usr/bin/ld) is GNU ld
configure:4700: result: yes
configure:4712: checking for BSD- or MS-compatible name lister (nm)
configure:4761: result: /usr/bin/nm -B
configure:4879: checking the name lister (/usr/bin/nm -B) interface
configure:4886: gcc -c -g -O2  conftest.c >&5
configure:4889: /usr/bin/nm -B "conftest.o"
configure:4892: output
00000000 B some_variable
configure:4899: result: BSD nm
configure:4902: checking whether ln -s works
configure:4906: result: yes
configure:4914: checking the maximum length of command line arguments
configure:5034: result: 1572864
configure:5051: checking whether the shell understands some XSI constructs
configure:5061: result: yes
configure:5065: checking whether the shell understands "+="
configure:5071: result: yes
configure:5106: checking for /usr/bin/ld option to reload object files
configure:5113: result: -r
configure:5182: checking for objdump
configure:5198: found /usr/bin/objdump
configure:5209: result: objdump
configure:5241: checking how to recognize dependent libraries
configure:5437: result: pass_all
configure:5497: checking for ar
configure:5513: found /usr/bin/ar
configure:5524: result: ar
configure:5602: checking for strip
configure:5618: found /usr/bin/strip
configure:5629: result: strip
configure:5701: checking for ranlib
configure:5717: found /usr/bin/ranlib
configure:5728: result: ranlib
configure:5818: checking command to parse /usr/bin/nm -B output from gcc object
configure:5936: gcc -c -g -O2  conftest.c >&5
configure:5939: $? = 0
configure:5943: /usr/bin/nm -B conftest.o \| sed -n -e 's/^.*[	 ]\([ABCDGIRSTW][ABCDGIRSTW]*\)[	 ][	 ]*\([_A-Za-z][_A-Za-z0-9]*\)$/\1 \2 \2/p' \> conftest.nm
configure:5946: $? = 0
configure:6000: gcc -o conftest -g -O2   conftest.c conftstm.o >&5
configure:6003: $? = 0
configure:6041: result: ok
configure:6849: checking for sys/types.h
configure:6849: gcc -c -g -O2  conftest.c >&5
configure:6849: $? = 0
configure:6849: result: yes
configure:6849: checking for sys/stat.h
configure:6849: gcc -c -g -O2  conftest.c >&5
configure:6849: $? = 0
configure:6849: result: yes
configure:6849: checking for stdlib.h
configure:6849: gcc -c -g -O2  conftest.c >&5
configure:6849: $? = 0
configure:6849: result: yes
configure:6849: checking for string.h
configure:6849: gcc -c -g -O2  conftest.c >&5
configure:6849: $? = 0
configure:6849: result: yes
configure:6849: checking for memory.h
configure:6849: gcc -c -g -O2  conftest.c >&5
configure:6849: $? = 0
configure:6849: result: yes
configure:6849: checking for strings.h
configure:6849: gcc -c -g -O2  conftest.c >&5
configure:6849: $? = 0
configure:6849: result: yes
configure:6849: checking for inttypes.h
configure:6849: gcc -c -g -O2  conftest.c >&5
configure:6849: $? = 0
configure:6849: result: yes
configure:6849: checking for stdint.h
configure:6849: gcc -c -g -O2  conftest.c >&5
configure:6849: $? = 0
configure:6849: result: yes
configure:6849: checking for unistd.h
configure:6849: gcc -c -g -O2  conftest.c >&5
configure:6849: $? = 0
configure:6849: result: yes
configure:6864: checking for dlfcn.h
configure:6864: gcc -c -g -O2  conftest.c >&5
configure:6864: $? = 0
configure:6864: result: yes
configure:7048: checking for objdir
configure:7063: result: .libs
configure:7355: checking if gcc supports -fno-rtti -fno-exceptions
configure:7373: gcc -c -g -O2  -fno-rtti -fno-exceptions conftest.c >&5
cc1: warning: command line option "-fno-rtti" is valid for C++/ObjC++ but not for C
configure:7377: $? = 0
configure:7390: result: no
configure:7410: checking for gcc option to produce PIC
configure:7682: result: -fPIC -DPIC
configure:7694: checking if gcc PIC flag -fPIC -DPIC works
configure:7712: gcc -c -g -O2  -fPIC -DPIC -DPIC conftest.c >&5
configure:7716: $? = 0
configure:7729: result: yes
configure:7753: checking if gcc static flag -static works
configure:7781: result: yes
configure:7796: checking if gcc supports -c -o file.o
configure:7817: gcc -c -g -O2  -o out/conftest2.o conftest.c >&5
configure:7821: $? = 0
configure:7843: result: yes
configure:7851: checking if gcc supports -c -o file.o
configure:7898: result: yes
configure:7931: checking whether the gcc linker (/usr/bin/ld) supports shared libraries
configure:8922: result: yes
configure:8959: checking whether -lc should be explicitly linked in
configure:8964: gcc -c -g -O2  conftest.c >&5
configure:8967: $? = 0
configure:8982: gcc -shared conftest.o  -v -Wl,-soname -Wl,conftest -o conftest 2\>\&1 \| /bin/grep  -lc  \>/dev/null 2\>\&1
configure:8985: $? = 0
configure:8997: result: no
configure:9161: checking dynamic linker characteristics
configure:9594: gcc -o conftest -g -O2   -Wl,-rpath -Wl,/foo conftest.c  >&5
configure:9594: $? = 0
configure:9824: result: GNU/Linux ld.so
configure:9926: checking how to hardcode library paths into programs
configure:9951: result: immediate
configure:10471: checking whether stripping libraries is possible
configure:10476: result: yes
configure:10511: checking if libtool supports shared libraries
configure:10513: result: yes
configure:10516: checking whether to build shared libraries
configure:10537: result: yes
configure:10540: checking whether to build static libraries
configure:10544: result: yes
configure:10585: checking for CFLAGS needed for pthreads
configure:10617: gcc -o conftest -g -O2 -kthread   conftest.c  >&5
gcc: unrecognized option '-kthread'
/tmp/ccuT1Sbi.o: In function `main':
/home/kylestrasser/prog/repositories/CRESTaceans/libs/vortex-1.1.5.b4474.g4476/conftest.c:36: undefined reference to `pthread_mutexattr_init'
/home/kylestrasser/prog/repositories/CRESTaceans/libs/vortex-1.1.5.b4474.g4476/conftest.c:37: undefined reference to `pthread_create'
collect2: ld returned 1 exit status
configure:10617: $? = 1
configure: program exited with status 1
configure: failed program was:
| /* confdefs.h */
| #define PACKAGE_NAME ""
| #define PACKAGE_TARNAME ""
| #define PACKAGE_VERSION ""
| #define PACKAGE_STRING ""
| #define PACKAGE_BUGREPORT ""
| #define PACKAGE_URL ""
| #define PACKAGE "vortex"
| #define VERSION "1.1.5.b4474.g4476"
| #define STDC_HEADERS 1
| #define HAVE_SYS_TYPES_H 1
| #define HAVE_SYS_STAT_H 1
| #define HAVE_STDLIB_H 1
| #define HAVE_STRING_H 1
| #define HAVE_MEMORY_H 1
| #define HAVE_STRINGS_H 1
| #define HAVE_INTTYPES_H 1
| #define HAVE_STDINT_H 1
| #define HAVE_UNISTD_H 1
| #define HAVE_DLFCN_H 1
| #define LT_OBJDIR ".libs/"
| /* end confdefs.h.  */
| 
| #include <pthread.h>
| #include <stddef.h>
| 
| void *thread_routine(void *data) {
|     return data;
| }
| 
| int main() {
|     pthread_t thd;
|     pthread_mutexattr_t mattr;
|     pthread_once_t once_init = PTHREAD_ONCE_INIT;
|     int data = 1;
|     pthread_mutexattr_init(&mattr);
|     return pthread_create(&thd, NULL, thread_routine, &data);
| }
configure:10617: gcc -o conftest -g -O2 -pthread   conftest.c  >&5
configure:10617: $? = 0
configure:10617: ./conftest
configure:10617: $? = 0
configure:10639: result: -pthread
configure:10648: checking for LIBS needed for pthreads
configure:10680: gcc -o conftest -g -O2   conftest.c  -lpthread >&5
configure:10680: $? = 0
configure:10680: ./conftest
configure:10680: $? = 0
configure:10702: result: -lpthread
configure:10717: checking sys/poll.h usability
configure:10717: gcc -c -g -O2  conftest.c >&5
configure:10717: $? = 0
configure:10717: result: yes
configure:10717: checking sys/poll.h presence
configure:10717: gcc -E  conftest.c
configure:10717: $? = 0
configure:10717: result: yes
configure:10717: checking for sys/poll.h
configure:10717: result: yes
configure:10734: checking for epoll(2) support
configure:10753: gcc -o conftest -g -O2   conftest.c  >&5
configure:10753: $? = 0
configure:10753: ./conftest
configure:10753: $? = 0
configure:10763: result: yes
configure:10807: checking readline/readline.h usability
configure:10807: gcc -c -g -O2  conftest.c >&5
configure:10807: $? = 0
configure:10807: result: yes
configure:10807: checking readline/readline.h presence
configure:10807: gcc -E  conftest.c
configure:10807: $? = 0
configure:10807: result: yes
configure:10807: checking for readline/readline.h
configure:10807: result: yes
configure:10826: gcc -o conftest -g -O2   conftest.c  >&5
configure:10826: $? = 0
configure:10877: checking for doxygen
configure:10893: found /usr/bin/doxygen
configure:10905: result: yes
configure:10972: checking for pkg-config
configure:10990: found /usr/bin/pkg-config
configure:11002: result: /usr/bin/pkg-config
configure:11027: checking pkg-config is at least version 0.9.0
configure:11030: result: yes
configure:11041: checking for AXL
configure:11049: $PKG_CONFIG --exists --print-errors "axl >= 0.6.2"
configure:11052: $? = 0
configure:11067: $PKG_CONFIG --exists --print-errors "axl >= 0.6.2"
configure:11070: $? = 0
configure:11125: result: yes
configure:11156: checking openssl/ssl.h usability
configure:11156: gcc -c -g -O2  conftest.c >&5
configure:11156: $? = 0
configure:11156: result: yes
configure:11156: checking openssl/ssl.h presence
configure:11156: gcc -E  conftest.c
configure:11156: $? = 0
configure:11156: result: yes
configure:11156: checking for openssl/ssl.h
configure:11156: result: yes
configure:11192: checking for GSASL
configure:11200: $PKG_CONFIG --exists --print-errors "libgsasl >= 0.2.21"
configure:11203: $? = 0
configure:11218: $PKG_CONFIG --exists --print-errors "libgsasl >= 0.2.21"
configure:11221: $? = 0
configure:11257: result: yes
configure:11493: gcc -o conftest -g -O2   conftest.c  >&5
configure:11493: $? = 0
configure:11704: creating ./config.status

## ---------------------- ##
## Running config.status. ##
## ---------------------- ##

This file was extended by config.status, which was
generated by GNU Autoconf 2.65.  Invocation command line was

  CONFIG_FILES    = 
  CONFIG_HEADERS  = 
  CONFIG_LINKS    = 
  CONFIG_COMMANDS = 
  $ ./config.status 

on ubuntu

config.status:1135: creating Makefile
config.status:1135: creating Makefile.win
config.status:1135: creating src/Makefile
config.status:1135: creating tunnel/Makefile
config.status:1135: creating pull/Makefile
config.status:1135: creating xml-rpc/Makefile
config.status:1135: creating sasl/Makefile
config.status:1135: creating tls/Makefile
config.status:1135: creating http/Makefile
config.status:1135: creating alive/Makefile
config.status:1135: creating doc/Makefile
config.status:1135: creating doc/vortex-doc.doxygen
config.status:1135: creating test/Makefile
config.status:1135: creating xml-rpc-gen/Makefile
config.status:1135: creating data/Makefile
config.status:1135: creating logo/Makefile
config.status:1135: creating vortex-1.1.pc
config.status:1135: creating vortex-xml-rpc-1.1.pc
config.status:1135: creating vortex-tunnel-1.1.pc
config.status:1135: creating vortex-pull-1.1.pc
config.status:1135: creating vortex-sasl-1.1.pc
config.status:1135: creating vortex-tls-1.1.pc
config.status:1135: creating vortex-http-1.1.pc
config.status:1135: creating vortex-alive-1.1.pc
config.status:1135: creating config.h
config.status:1307: config.h is unchanged
config.status:1355: executing depfiles commands
config.status:1355: executing libtool commands

## ---------------- ##
## Cache variables. ##
## ---------------- ##

ac_cv_build=i686-pc-linux-gnu
ac_cv_c_compiler_gnu=yes
ac_cv_env_AXL_CFLAGS_set=
ac_cv_env_AXL_CFLAGS_value=
ac_cv_env_AXL_LIBS_set=
ac_cv_env_AXL_LIBS_value=
ac_cv_env_CC_set=
ac_cv_env_CC_value=
ac_cv_env_CFLAGS_set=
ac_cv_env_CFLAGS_value=
ac_cv_env_CPPFLAGS_set=
ac_cv_env_CPPFLAGS_value=
ac_cv_env_CPP_set=
ac_cv_env_CPP_value=
ac_cv_env_GSASL_CFLAGS_set=
ac_cv_env_GSASL_CFLAGS_value=
ac_cv_env_GSASL_LIBS_set=
ac_cv_env_GSASL_LIBS_value=
ac_cv_env_LDFLAGS_set=
ac_cv_env_LDFLAGS_value=
ac_cv_env_LIBS_set=
ac_cv_env_LIBS_value=
ac_cv_env_PKG_CONFIG_set=
ac_cv_env_PKG_CONFIG_value=
ac_cv_env_READLINE_PATH_set=
ac_cv_env_READLINE_PATH_value=
ac_cv_env_build_alias_set=
ac_cv_env_build_alias_value=
ac_cv_env_host_alias_set=
ac_cv_env_host_alias_value=
ac_cv_env_target_alias_set=
ac_cv_env_target_alias_value=
ac_cv_header_dlfcn_h=yes
ac_cv_header_inttypes_h=yes
ac_cv_header_memory_h=yes
ac_cv_header_openssl_ssl_h=yes
ac_cv_header_readline_readline_h=yes
ac_cv_header_stdc=yes
ac_cv_header_stdint_h=yes
ac_cv_header_stdlib_h=yes
ac_cv_header_string_h=yes
ac_cv_header_strings_h=yes
ac_cv_header_sys_poll_h=yes
ac_cv_header_sys_stat_h=yes
ac_cv_header_sys_types_h=yes
ac_cv_header_unistd_h=yes
ac_cv_host=i686-pc-linux-gnu
ac_cv_objext=o
ac_cv_path_EGREP='/bin/grep -E'
ac_cv_path_FGREP='/bin/grep -F'
ac_cv_path_GREP=/bin/grep
ac_cv_path_SED=/bin/sed
ac_cv_path_ac_pt_PKG_CONFIG=/usr/bin/pkg-config
ac_cv_path_install='/usr/bin/install -c'
ac_cv_path_mkdir=/bin/mkdir
ac_cv_prog_AWK=gawk
ac_cv_prog_CPP='gcc -E'
ac_cv_prog_DOXYGEN=yes
ac_cv_prog_ac_ct_AR=ar
ac_cv_prog_ac_ct_CC=gcc
ac_cv_prog_ac_ct_OBJDUMP=objdump
ac_cv_prog_ac_ct_RANLIB=ranlib
ac_cv_prog_ac_ct_STRIP=strip
ac_cv_prog_cc_c89=
ac_cv_prog_cc_g=yes
ac_cv_prog_make_make_set=yes
ac_cv_search_strerror='none required'
am_cv_CC_dependencies_compiler_type=gcc3
enable_cv_epoll=yes
lt_cv_deplibs_check_method=pass_all
lt_cv_file_magic_cmd='$MAGIC_CMD'
lt_cv_file_magic_test_file=
lt_cv_ld_reload_flag=-r
lt_cv_nm_interface='BSD nm'
lt_cv_objdir=.libs
lt_cv_path_LD=/usr/bin/ld
lt_cv_path_NM='/usr/bin/nm -B'
lt_cv_prog_compiler_c_o=yes
lt_cv_prog_compiler_pic_works=yes
lt_cv_prog_compiler_rtti_exceptions=no
lt_cv_prog_compiler_static_works=yes
lt_cv_prog_gnu_ld=yes
lt_cv_sys_global_symbol_pipe='sed -n -e '\''s/^.*[	 ]\([ABCDGIRSTW][ABCDGIRSTW]*\)[	 ][	 ]*\([_A-Za-z][_A-Za-z0-9]*\)$/\1 \2 \2/p'\'''
lt_cv_sys_global_symbol_to_c_name_address='sed -n -e '\''s/^: \([^ ]*\) $/  {\"\1\", (void *) 0},/p'\'' -e '\''s/^[ABCDGIRSTW]* \([^ ]*\) \([^ ]*\)$/  {"\2", (void *) \&\2},/p'\'''
lt_cv_sys_global_symbol_to_c_name_address_lib_prefix='sed -n -e '\''s/^: \([^ ]*\) $/  {\"\1\", (void *) 0},/p'\'' -e '\''s/^[ABCDGIRSTW]* \([^ ]*\) \(lib[^ ]*\)$/  {"\2", (void *) \&\2},/p'\'' -e '\''s/^[ABCDGIRSTW]* \([^ ]*\) \([^ ]*\)$/  {"lib\2", (void *) \&\2},/p'\'''
lt_cv_sys_global_symbol_to_cdecl='sed -n -e '\''s/^T .* \(.*\)$/extern int \1();/p'\'' -e '\''s/^[ABCDGIRSTW]* .* \(.*\)$/extern char \1;/p'\'''
lt_cv_sys_max_cmd_len=1572864
pkg_cv_AXL_CFLAGS='-I/usr/local/include/axl  '
pkg_cv_AXL_LIBS='-L/usr/local/lib -laxl -lm  '
pkg_cv_GSASL_CFLAGS=' '
pkg_cv_GSASL_LIBS='-lgsasl  '
vortex_cv_pthreads_cflags=-pthread
vortex_cv_pthreads_lib=-lpthread

## ----------------- ##
## Output variables. ##
## ----------------- ##

ACLOCAL='${SHELL} /home/kylestrasser/prog/repositories/CRESTaceans/libs/vortex-1.1.5.b4474.g4476/missing --run aclocal-1.11'
ADDITIONAL_LIBS=''
AMDEPBACKSLASH='\'
AMDEP_FALSE='#'
AMDEP_TRUE=''
AMTAR='${SHELL} /home/kylestrasser/prog/repositories/CRESTaceans/libs/vortex-1.1.5.b4474.g4476/missing --run tar'
AR='ar'
AUTOCONF='${SHELL} /home/kylestrasser/prog/repositories/CRESTaceans/libs/vortex-1.1.5.b4474.g4476/missing --run autoconf'
AUTOHEADER='${SHELL} /home/kylestrasser/prog/repositories/CRESTaceans/libs/vortex-1.1.5.b4474.g4476/missing --run autoheader'
AUTOMAKE='${SHELL} /home/kylestrasser/prog/repositories/CRESTaceans/libs/vortex-1.1.5.b4474.g4476/missing --run automake-1.11'
AWK='gawk'
AXL_CFLAGS='-I/usr/local/include/axl  '
AXL_LIBS='-L/usr/local/lib -laxl -lm  '
CC='gcc'
CCDEPMODE='depmode=gcc3'
CFLAGS='-g -O2'
CPP='gcc -E'
CPPFLAGS=''
CYGPATH_W='echo'
DEFAULT_EPOLL_FALSE='#'
DEFAULT_EPOLL_TRUE=''
DEFAULT_POLL_FALSE=''
DEFAULT_POLL_TRUE='#'
DEFS='-DHAVE_CONFIG_H'
DEPDIR='.deps'
DOXYGEN='yes'
DSYMUTIL=''
DUMPBIN=''
ECHO_C=''
ECHO_N='-n'
ECHO_T=''
EGREP='/bin/grep -E'
ENABLE_AF_ARCH_DOC_FALSE='#'
ENABLE_AF_ARCH_DOC_TRUE=''
ENABLE_ALIVE_SUPPORT_FALSE='#'
ENABLE_ALIVE_SUPPORT_TRUE=''
ENABLE_EPOLL_SUPPORT_FALSE='#'
ENABLE_EPOLL_SUPPORT_TRUE=''
ENABLE_HTTP_SUPPORT_FALSE='#'
ENABLE_HTTP_SUPPORT_TRUE=''
ENABLE_POLL_SUPPORT_FALSE='#'
ENABLE_POLL_SUPPORT_TRUE=''
ENABLE_PULL_SUPPORT_FALSE='#'
ENABLE_PULL_SUPPORT_TRUE=''
ENABLE_READLINE_FALSE='#'
ENABLE_READLINE_TRUE=''
ENABLE_SASL_SUPPORT_FALSE='#'
ENABLE_SASL_SUPPORT_TRUE=''
ENABLE_TLS_SUPPORT_FALSE='#'
ENABLE_TLS_SUPPORT_TRUE=''
ENABLE_TUNNEL_SUPPORT_FALSE='#'
ENABLE_TUNNEL_SUPPORT_TRUE=''
ENABLE_VORTEX_LOG_FALSE='#'
ENABLE_VORTEX_LOG_TRUE=''
ENABLE_XML_RPC_GEN_TOOL_FALSE='#'
ENABLE_XML_RPC_GEN_TOOL_TRUE=''
ENABLE_XML_RPC_SUPPORT_FALSE='#'
ENABLE_XML_RPC_SUPPORT_TRUE=''
EXARG_FLAGS='-DHAVE_VASPRINTF '
EXEEXT=''
FGREP='/bin/grep -F'
GREP='/bin/grep'
GSASL_CFLAGS=' '
GSASL_LIBS='-lgsasl  '
HAVE_GSASL_FREE='-DGSASL_HAVE_FREE'
INSTALL_DATA='${INSTALL} -m 644'
INSTALL_PROGRAM='${INSTALL}'
INSTALL_SCRIPT='${INSTALL}'
INSTALL_STRIP_PROGRAM='$(install_sh) -c -s'
LD='/usr/bin/ld'
LDFLAGS=''
LIBOBJS=''
LIBS=''
LIBTOOL='$(SHELL) $(top_builddir)/libtool'
LIPO=''
LN_S='ln -s'
LTLIBOBJS=''
MAINT='#'
MAINTAINER_MODE_FALSE=''
MAINTAINER_MODE_TRUE='#'
MAKEINFO='${SHELL} /home/kylestrasser/prog/repositories/CRESTaceans/libs/vortex-1.1.5.b4474.g4476/missing --run makeinfo'
MKDIR_P='/bin/mkdir -p'
NM='/usr/bin/nm -B'
NMEDIT=''
OBJDUMP='objdump'
OBJEXT='o'
OTOOL64=''
OTOOL=''
PACKAGE='vortex'
PACKAGE_BUGREPORT=''
PACKAGE_NAME=''
PACKAGE_STRING=''
PACKAGE_TARNAME=''
PACKAGE_URL=''
PACKAGE_VERSION=''
PATH_SEPARATOR=':'
PKG_CONFIG='/usr/bin/pkg-config'
PTHREAD_CFLAGS='-pthread'
PTHREAD_LIBS='-lpthread'
RANLIB='ranlib'
READLINE_PATH=''
SASL_CFLAGS=' '
SASL_LIBS='-lgsasl  '
SED='/bin/sed'
SET_MAKE=''
SHELL='/bin/bash'
STRIP='strip'
TLS_LIBS='-lssl -lcrypto'
VERSION='1.1.5.b4474.g4476'
VORTEX_VERSION='1.1.5.b4474.g4476'
ac_ct_CC='gcc'
ac_ct_DUMPBIN=''
am__EXEEXT_FALSE=''
am__EXEEXT_TRUE='#'
am__fastdepCC_FALSE='#'
am__fastdepCC_TRUE=''
am__include='include'
am__isrc=''
am__leading_dot='.'
am__quote=''
am__tar='${AMTAR} chof - "$$tardir"'
am__untar='${AMTAR} xf -'
axl_string_version='axl-0.6.2.b4329.g4333'
bindir='${exec_prefix}/bin'
build='i686-pc-linux-gnu'
build_alias=''
build_cpu='i686'
build_os='linux-gnu'
build_vendor='pc'
datadir='${datarootdir}'
datarootdir='${prefix}/share'
docdir='${datarootdir}/doc/${PACKAGE}'
dvidir='${docdir}'
exec_prefix='${prefix}'
host='i686-pc-linux-gnu'
host_alias=''
host_cpu='i686'
host_os='linux-gnu'
host_vendor='pc'
htmldir='${docdir}'
includedir='${prefix}/include'
infodir='${datarootdir}/info'
install_sh='${SHELL} /home/kylestrasser/prog/repositories/CRESTaceans/libs/vortex-1.1.5.b4474.g4476/install-sh'
libdir='${exec_prefix}/lib'
libexecdir='${exec_prefix}/libexec'
localedir='${datarootdir}/locale'
localstatedir='${prefix}/var'
lt_ECHO='echo'
mandir='${datarootdir}/man'
mkdir_p='/bin/mkdir -p'
oldincludedir='/usr/include'
pdfdir='${docdir}'
prefix='/usr/local'
program_transform_name='s,x,x,'
psdir='${docdir}'
sbindir='${exec_prefix}/sbin'
sharedstatedir='${prefix}/com'
sysconfdir='${prefix}/etc'
target_alias=''

## ----------- ##
## confdefs.h. ##
## ----------- ##

/* confdefs.h */
#define PACKAGE_NAME ""
#define PACKAGE_TARNAME ""
#define PACKAGE_VERSION ""
#define PACKAGE_STRING ""
#define PACKAGE_BUGREPORT ""
#define PACKAGE_URL ""
#define PACKAGE "vortex"
#define VERSION "1.1.5.b4474.g4476"
#define STDC_HEADERS 1
#define HAVE_SYS_TYPES_H 1
#define HAVE_SYS_STAT_H 1
#define HAVE_STDLIB_H 1
#define HAVE_STRING_H 1
#define HAVE_MEMORY_H 1
#define HAVE_STRINGS_H 1
#define HAVE_INTTYPES_H 1
#define HAVE_STDINT_H 1
#define HAVE_UNISTD_H 1
#define HAVE_DLFCN_H 1
#define LT_OBJDIR ".libs/"

configure: exit 0

## ---------------------- ##
## Running config.status. ##
## ---------------------- ##

This file was extended by config.status, which was
generated by GNU Autoconf 2.65.  Invocation command line was

  CONFIG_FILES    = 
  CONFIG_HEADERS  = 
  CONFIG_LINKS    = 
  CONFIG_COMMANDS = 
  $ ./config.status src/Makefile depfiles

on ubuntu

config.status:1135: creating src/Makefile
config.status:1355: executing depfiles commands

## ---------------------- ##
## Running config.status. ##
## ---------------------- ##

This file was extended by config.status, which was
generated by GNU Autoconf 2.65.  Invocation command line was

  CONFIG_FILES    = 
  CONFIG_HEADERS  = 
  CONFIG_LINKS    = 
  CONFIG_COMMANDS = 
  $ ./config.status src/Makefile depfiles

on ubuntu

config.status:1135: creating src/Makefile
config.status:1355: executing depfiles commands

## ---------------------- ##
## Running config.status. ##
## ---------------------- ##

This file was extended by config.status, which was
generated by GNU Autoconf 2.65.  Invocation command line was

  CONFIG_FILES    = 
  CONFIG_HEADERS  = 
  CONFIG_LINKS    = 
  CONFIG_COMMANDS = 
  $ ./config.status src/Makefile depfiles

on ubuntu

config.status:1135: creating src/Makefile
config.status:1355: executing depfiles commands

## ---------------------- ##
## Running config.status. ##
## ---------------------- ##

This file was extended by config.status, which was
generated by GNU Autoconf 2.65.  Invocation command line was

  CONFIG_FILES    = 
  CONFIG_HEADERS  = 
  CONFIG_LINKS    = 
  CONFIG_COMMANDS = 
  $ ./config.status src/Makefile depfiles

on ubuntu

config.status:1135: creating src/Makefile
config.status:1355: executing depfiles commands
